<?xml version="1.0" encoding="UTF-8"?>
<testsuite xmlns:xsi="http://www.w3.org/2001/XMLSchema-instance" xsi:noNamespaceSchemaLocation="https://maven.apache.org/surefire/maven-surefire-plugin/xsd/surefire-test-report.xsd" version="3.0.1" name="com.mycompany.app.GameTest" time="0.36" tests="43" errors="0" skipped="0" failures="0">
  <properties>
[...]
</properties>
  <testcase name="testMiniMaxPartialBoard" classname="com.mycompany.app.GameTest" time="0.016"/>
  <testcase name="testCheckStateXWinsFirstRow" classname="com.mycompany.app.GameTest" time="0.0"/>
  <testcase name="testPlayerInitialization" classname="com.mycompany.app.GameTest" time="0.0"/>
  <testcase name="testCheckStateDraw" classname="com.mycompany.app.GameTest" time="0.0"/>
  <testcase name="testCheckStateXWinsMainDiagonal" classname="com.mycompany.app.GameTest" time="0.0"/>
  <testcase name="testMinMoveTerminalOWin" classname="com.mycompany.app.GameTest" time="0.001"/>
  <testcase name="testMinMoveTerminalXWin" classname="com.mycompany.app.GameTest" time="0.0"/>
  <testcase name="testMaxMoveTerminalOWin" classname="com.mycompany.app.GameTest" time="0.0"/>
  <testcase name="testMaxMoveTerminalXWin" classname="com.mycompany.app.GameTest" time="0.001"/>
  <testcase name="testMiniMaxReturnsValidMove" classname="com.mycompany.app.GameTest" time="0.054"/>
  <testcase name="testCheckStatePlaying" classname="com.mycompany.app.GameTest" time="0.0"/>
  <testcase name="testGenerateMovesMultipleCalls" classname="com.mycompany.app.GameTest" time="0.001"/>
  <testcase name="testGameStateInitialization" classname="com.mycompany.app.GameTest" time="0.0"/>
  <testcase name="testCheckStateOWinsMainDiagonal" classname="com.mycompany.app.GameTest" time="0.001"/>
  <testcase name="testCheckStateXWinsSecondColumn" classname="com.mycompany.app.GameTest" time="0.001"/>
  <testcase name="testCheckStateXWinsFirstColumn" classname="com.mycompany.app.GameTest" time="0.0"/>
  <testcase name="testEvaluatePositionPlaying" classname="com.mycompany.app.GameTest" time="0.001"/>
  <testcase name="testCheckStateXWinsThirdRow" classname="com.mycompany.app.GameTest" time="0.0"/>
  <testcase name="testEvaluatePositionDraw" classname="com.mycompany.app.GameTest" time="0.0"/>
  <testcase name="testGenerateMovesFullBoard" classname="com.mycompany.app.GameTest" time="0.0"/>
  <testcase name="testGenerateMovesOrderedByIndex" classname="com.mycompany.app.GameTest" time="0.001"/>
  <testcase name="testGameInitialization" classname="com.mycompany.app.GameTest" time="0.001"/>
  <testcase name="testEvaluatePositionXWinsButPlayerIsO" classname="com.mycompany.app.GameTest" time="0.0"/>
  <testcase name="testCheckStatePlayingEmptyBoard" classname="com.mycompany.app.GameTest" time="0.001"/>
  <testcase name="testCheckStateXWinsThirdColumn" classname="com.mycompany.app.GameTest" time="0.0"/>
  <testcase name="testEvaluatePositionAllScenarios" classname="com.mycompany.app.GameTest" time="0.001"/>
  <testcase name="testMinMoveDraw" classname="com.mycompany.app.GameTest" time="0.0"/>
  <testcase name="testCheckStateXWinsSecondRow" classname="com.mycompany.app.GameTest" time="0.001"/>
  <testcase name="testCheckStateOWinsFirstRow" classname="com.mycompany.app.GameTest" time="0.0"/>
  <testcase name="testMinMaxWithSingleMove" classname="com.mycompany.app.GameTest" time="0.0"/>
  <testcase name="testCheckStateWithDifferentSymbols" classname="com.mycompany.app.GameTest" time="0.0"/>
  <testcase name="testEvaluatePositionOWinsButPlayerIsX" classname="com.mycompany.app.GameTest" time="0.001"/>
  <testcase name="testEvaluatePositionOWins" classname="com.mycompany.app.GameTest" time="0.0"/>
  <testcase name="testEvaluatePositionXWins" classname="com.mycompany.app.GameTest" time="0.0"/>
  <testcase name="testMiniMaxEmptyBoard" classname="com.mycompany.app.GameTest" time="0.054"/>
  <testcase name="testBoardInitializationEmpty" classname="com.mycompany.app.GameTest" time="0.0"/>
  <testcase name="testMaxMoveDraw" classname="com.mycompany.app.GameTest" time="0.0"/>
  <testcase name="testCounterStateAfterMiniMax" classname="com.mycompany.app.GameTest" time="0.049"/>
  <testcase name="testGenerateMovesEmptyBoard" classname="com.mycompany.app.GameTest" time="0.001"/>
  <testcase name="testBoardArraySize" classname="com.mycompany.app.GameTest" time="0.0"/>
  <testcase name="testGenerateMovesPartialBoard" classname="com.mycompany.app.GameTest" time="0.001"/>
  <testcase name="testCheckStateXWinsAntiDiagonal" classname="com.mycompany.app.GameTest" time="0.001"/>
  <testcase name="testGameBoardStateAfterCheckState" classname="com.mycompany.app.GameTest" time="0.001"/>
</testsuite>